<?xml version="1.0" encoding="UTF-8"?>
<testng-results skipped="0" failed="0" total="1" passed="1">
  <reporter-output>
  </reporter-output>
  <suite name="Suite" duration-ms="29820" started-at="2017-01-14T21:38:38Z" finished-at="2017-01-14T21:39:08Z">
    <groups>
    </groups>
    <test name="Test" duration-ms="29820" started-at="2017-01-14T21:38:38Z" finished-at="2017-01-14T21:39:08Z">
      <class name="Tests.Test1">
        <test-method status="PASS" signature="beforeTestPreRequisites()[pri:0, instance:Tests.Test1@77b52d12]" name="beforeTestPreRequisites" is-config="true" duration-ms="3970" started-at="2017-01-15T03:08:38Z" finished-at="2017-01-15T03:08:42Z">
          <reporter-output>
          </reporter-output>
        </test-method> <!-- beforeTestPreRequisites -->
        <test-method status="PASS" signature="Test_1()[pri:0, instance:Tests.Test1@77b52d12]" name="Test_1" duration-ms="24661" started-at="2017-01-15T03:08:42Z" finished-at="2017-01-15T03:09:07Z">
          <reporter-output>
          </reporter-output>
        </test-method> <!-- Test_1 -->
        <test-method status="PASS" signature="afterTestTearDowns()[pri:0, instance:Tests.Test1@77b52d12]" name="afterTestTearDowns" is-config="true" duration-ms="1175" started-at="2017-01-15T03:09:07Z" finished-at="2017-01-15T03:09:08Z">
          <reporter-output>
          </reporter-output>
        </test-method> <!-- afterTestTearDowns -->
      </class> <!-- Tests.Test1 -->
    </test> <!-- Test -->
  </suite> <!-- Suite -->
</testng-results>
